-------------------------------------------------------------------------------
Test set: com.mycompany.app.UnitTest
-------------------------------------------------------------------------------
Tests run: 1, Failures: 0, Errors: 1, Skipped: 0, Time elapsed: 9.251 s <<< FAILURE! - in com.mycompany.app.UnitTest
testNewGameWindow  Time elapsed: 9.243 s  <<< ERROR!
org.assertj.swing.exception.ComponentLookupException: 
Unable to find component using matcher org.assertj.swing.core.matcher.JLabelMatcher[name='lNamePlumber', text=<Any>, requireShowing=false].

Component hierarchy:
javax.swing.JFrame[name='frame0', title='Sivatagi vízhálózat', enabled=true, visible=true, showing=true]
  javax.swing.JRootPane[]
    javax.swing.JPanel[name='null.glassPane']
    javax.swing.JLayeredPane[]
      com.mycompany.app.NewGameWindow[name=null]
        javax.swing.JPanel[name=null]
          javax.swing.JLabel[name=null, text='ÚJ JÁTÉK', enabled=true, visible=true, showing=true]
          javax.swing.JButton[name='bNewPlumber', text='ÚJ', enabled=true, visible=true, showing=true]
          javax.swing.JButton[name='bDeletePlumber', text='TÖRLÉS', enabled=true, visible=true, showing=true]
          javax.swing.JButton[name='bNewSaboteur', text='ÚJ', enabled=true, visible=true, showing=true]
          javax.swing.JButton[name='bDeleteSaboteur', text='TÖRLÉS', enabled=true, visible=true, showing=true]
          javax.swing.JButton[name=null, text='VISSZA', enabled=true, visible=true, showing=true]
          javax.swing.JLabel[name=null, text='Szerelők:', enabled=true, visible=true, showing=true]
          javax.swing.JLabel[name=null, text='Szabotőrök:', enabled=true, visible=true, showing=true]
          javax.swing.JScrollPane[name=null, enabled=true, visible=true, showing=true]
            javax.swing.JViewport[,0,0,267x208,layout=javax.swing.ViewportLayout,alignmentX=0.0,alignmentY=0.0,border=,flags=8388616,maximumSize=,minimumSize=,preferredSize=,isViewSizeSet=true,lastPaintPosition=java.awt.Point[x=0,y=0],scrollUnderway=false]
              javax.swing.JTable[name='plumberTable', rowCount=3, columnCount=1, enabled=true, visible=true, showing=true]
                javax.swing.CellRendererPane[,0,0,0x0,hidden]
            javax.swing.JScrollPane$ScrollBar[name=null, value=0, blockIncrement=10, minimum=0, maximum=75, enabled=true, visible=false, showing=false]
              javax.swing.plaf.metal.MetalScrollButton[name=null, text='', enabled=true, visible=true, showing=false]
              javax.swing.plaf.metal.MetalScrollButton[name=null, text='', enabled=true, visible=true, showing=false]
            javax.swing.JScrollPane$ScrollBar[name=null, value=0, blockIncrement=10, minimum=0, maximum=267, enabled=true, visible=false, showing=false]
              javax.swing.plaf.metal.MetalScrollButton[name=null, text='', enabled=true, visible=true, showing=false]
              javax.swing.plaf.metal.MetalScrollButton[name=null, text='', enabled=true, visible=true, showing=false]
            javax.swing.JViewport[,0,0,267x0,layout=javax.swing.ViewportLayout,alignmentX=0.0,alignmentY=0.0,border=,flags=8388616,maximumSize=,minimumSize=,preferredSize=,isViewSizeSet=false,lastPaintPosition=,scrollUnderway=false]
          javax.swing.JScrollPane[name=null, enabled=true, visible=true, showing=true]
            javax.swing.JViewport[,0,0,267x208,layout=javax.swing.ViewportLayout,alignmentX=0.0,alignmentY=0.0,border=,flags=8388616,maximumSize=,minimumSize=,preferredSize=,isViewSizeSet=true,lastPaintPosition=java.awt.Point[x=0,y=0],scrollUnderway=false]
              javax.swing.JTable[name='saboteurTable', rowCount=3, columnCount=1, enabled=true, visible=true, showing=true]
                javax.swing.CellRendererPane[,0,0,0x0,hidden]
            javax.swing.JScrollPane$ScrollBar[name=null, value=0, blockIncrement=10, minimum=0, maximum=75, enabled=true, visible=false, showing=false]
              javax.swing.plaf.metal.MetalScrollButton[name=null, text='', enabled=true, visible=true, showing=false]
              javax.swing.plaf.metal.MetalScrollButton[name=null, text='', enabled=true, visible=true, showing=false]
            javax.swing.JScrollPane$ScrollBar[name=null, value=0, blockIncrement=10, minimum=0, maximum=267, enabled=true, visible=false, showing=false]
              javax.swing.plaf.metal.MetalScrollButton[name=null, text='', enabled=true, visible=true, showing=false]
              javax.swing.plaf.metal.MetalScrollButton[name=null, text='', enabled=true, visible=true, showing=false]
            javax.swing.JViewport[,0,0,267x0,layout=javax.swing.ViewportLayout,alignmentX=0.0,alignmentY=0.0,border=,flags=8388616,maximumSize=,minimumSize=,preferredSize=,isViewSizeSet=false,lastPaintPosition=,scrollUnderway=false]
          javax.swing.JButton[name=null, text='JÁTÉK INDÍTÁSA', enabled=true, visible=true, showing=true]

	at com.mycompany.app.UnitTest.testNewGameWindow(UnitTest.java:67)

